<?xml version="1.0" encoding="UTF-8"?>
<testng-results ignored="0" total="1" passed="1" failed="0" skipped="0">
  <reporter-output>
  </reporter-output>
  <suite started-at="2023-10-23T19:54:37 IST" name="Default suite" finished-at="2023-10-23T19:54:38 IST" duration-ms="197">
    <groups>
    </groups>
    <test started-at="2023-10-23T19:54:37 IST" name="Default test" finished-at="2023-10-23T19:54:38 IST" duration-ms="197">
      <class name="NewTest">
        <test-method signature="f()[pri:0, instance:NewTest@3c7f66c4]" started-at="2023-10-23T19:54:37 IST" name="f" finished-at="2023-10-23T19:54:38 IST" duration-ms="37" status="PASS">
          <reporter-output>
          </reporter-output>
        </test-method> <!-- f -->
      </class> <!-- NewTest -->
    </test> <!-- Default test -->
  </suite> <!-- Default suite -->
</testng-results>
